Determining if the pthread_create exist failed with the following output:
Change Dir: /home/robot/workspaces/ur5_controllers/build/CMakeFiles/CMakeTmp

Run Build Command:"/usr/bin/make" "cmTC_04853/fast"
/usr/bin/make -f CMakeFiles/cmTC_04853.dir/build.make CMakeFiles/cmTC_04853.dir/build
make[1]: Entering directory '/home/robot/workspaces/ur5_controllers/build/CMakeFiles/CMakeTmp'
Building C object CMakeFiles/cmTC_04853.dir/CheckSymbolExists.c.o
/usr/bin/cc     -o CMakeFiles/cmTC_04853.dir/CheckSymbolExists.c.o   -c /home/robot/workspaces/ur5_controllers/build/CMakeFiles/CMakeTmp/CheckSymbolExists.c
Linking C executable cmTC_04853
/usr/bin/cmake -E cmake_link_script CMakeFiles/cmTC_04853.dir/link.txt --verbose=1
/usr/bin/cc       CMakeFiles/cmTC_04853.dir/CheckSymbolExists.c.o  -o cmTC_04853 -rdynamic 
CMakeFiles/cmTC_04853.dir/CheckSymbolExists.c.o: In function `main':
CheckSymbolExists.c:(.text+0x16): undefined reference to `pthread_create'
collect2: error: ld returned 1 exit status
CMakeFiles/cmTC_04853.dir/build.make:97: recipe for target 'cmTC_04853' failed
make[1]: *** [cmTC_04853] Error 1
make[1]: Leaving directory '/home/robot/workspaces/ur5_controllers/build/CMakeFiles/CMakeTmp'
Makefile:126: recipe for target 'cmTC_04853/fast' failed
make: *** [cmTC_04853/fast] Error 2

File /home/robot/workspaces/ur5_controllers/build/CMakeFiles/CMakeTmp/CheckSymbolExists.c:
/* */
#include <pthread.h>

int main(int argc, char** argv)
{
  (void)argv;
#ifndef pthread_create
  return ((int*)(&pthread_create))[argc];
#else
  (void)argc;
  return 0;
#endif
}

Determining if the function pthread_create exists in the pthreads failed with the following output:
Change Dir: /home/robot/workspaces/ur5_controllers/build/CMakeFiles/CMakeTmp

Run Build Command:"/usr/bin/make" "cmTC_94456/fast"
/usr/bin/make -f CMakeFiles/cmTC_94456.dir/build.make CMakeFiles/cmTC_94456.dir/build
make[1]: Entering directory '/home/robot/workspaces/ur5_controllers/build/CMakeFiles/CMakeTmp'
Building C object CMakeFiles/cmTC_94456.dir/CheckFunctionExists.c.o
/usr/bin/cc    -DCHECK_FUNCTION_EXISTS=pthread_create   -o CMakeFiles/cmTC_94456.dir/CheckFunctionExists.c.o   -c /usr/share/cmake-3.5/Modules/CheckFunctionExists.c
Linking C executable cmTC_94456
/usr/bin/cmake -E cmake_link_script CMakeFiles/cmTC_94456.dir/link.txt --verbose=1
/usr/bin/cc   -DCHECK_FUNCTION_EXISTS=pthread_create    CMakeFiles/cmTC_94456.dir/CheckFunctionExists.c.o  -o cmTC_94456 -rdynamic -lpthreads 
/usr/bin/ld: cannot find -lpthreads
collect2: error: ld returned 1 exit status
CMakeFiles/cmTC_94456.dir/build.make:97: recipe for target 'cmTC_94456' failed
make[1]: *** [cmTC_94456] Error 1
make[1]: Leaving directory '/home/robot/workspaces/ur5_controllers/build/CMakeFiles/CMakeTmp'
Makefile:126: recipe for target 'cmTC_94456/fast' failed
make: *** [cmTC_94456/fast] Error 2


